<?xml version="1.0" encoding="UTF-8"?>
<testng-results skipped="0" failed="0" ignored="0" total="1" passed="1">
  <reporter-output>
  </reporter-output>
  <suite name="Default suite" duration-ms="12836" started-at="2021-01-04T23:08:03 IST" finished-at="2021-01-04T23:08:16 IST">
    <groups>
    </groups>
    <test name="Default test" duration-ms="12836" started-at="2021-01-04T23:08:03 IST" finished-at="2021-01-04T23:08:16 IST">
      <class name="Academy.HomePage">
        <test-method status="PASS" signature="baseNavigation()[pri:0, instance:Academy.HomePage@78b69f98]" name="baseNavigation" duration-ms="12777" started-at="2021-01-04T23:08:03 IST" finished-at="2021-01-04T23:08:16 IST">
          <reporter-output>
          </reporter-output>
        </test-method> <!-- baseNavigation -->
      </class> <!-- Academy.HomePage -->
    </test> <!-- Default test -->
  </suite> <!-- Default suite -->
</testng-results>
